<?xml version="1.0" encoding="UTF-8"?>
<!-- Generated by org.testng.reporters.JUnitReportReporter -->
<testsuite hostname="DESKTOP-G0IG718" failures="0" tests="2" name="test.SignupTest" time="30.725" errors="0" timestamp="2024-02-21T06:27:55 IST" skipped="0">
  <testcase classname="test.SignupTest" name="signUpFunctionality" time="22.232"/>
  <testcase classname="test.SignupTest" name="login" time="8.493"/>
</testsuite> <!-- test.SignupTest -->
