<?xml version="1.0" encoding="UTF-8"?>
<!-- Generated by org.testng.reporters.JUnitReportReporter -->
<testsuite hostname="DESKTOP-G0IG718" failures="0" tests="2" name="test.SearchingFlight" time="21.183" errors="0" timestamp="2024-02-21T06:28:38 IST" skipped="0">
  <testcase classname="test.SearchingFlight" name="searchingFlightRoundTrip" time="10.939"/>
  <testcase classname="test.SearchingFlight" name="searchingFlightOneWay" time="10.244"/>
</testsuite> <!-- test.SearchingFlight -->
