<?xml version="1.0" encoding="UTF-8"?>
<!-- Generated by org.testng.reporters.JUnitReportReporter -->
<testsuite hostname="DESKTOP-G0IG718" failures="0" tests="3" name="test.bookingFlight" time="10.598" errors="0" timestamp="2024-02-21T06:31:43 IST" skipped="0">
  <testcase classname="test.bookingFlight" name="fillingContactAndPassangerDetails" time="5.131"/>
  <testcase classname="test.bookingFlight" name="bookindFlight" time="2.994"/>
  <testcase classname="test.bookingFlight" name="searchingFlightOneWay" time="2.473"/>
</testsuite> <!-- test.bookingFlight -->
