<?xml version="1.0" encoding="UTF-8"?>
<!-- Generated by org.testng.reporters.JUnitReportReporter -->
<testsuite hostname="DESKTOP-G0IG718" failures="0" tests="3" name="scratch.SelectingFlight" time="11.115" errors="0" timestamp="2024-02-21T05:56:25 IST" skipped="0">
  <testcase classname="scratch.SelectingFlight" name="bookindFlight" time="3.129"/>
  <testcase classname="scratch.SelectingFlight" name="fillingContactAndPassangerDetails" time="5.304"/>
  <testcase classname="scratch.SelectingFlight" name="searchingFlightOneWay" time="2.682"/>
</testsuite> <!-- scratch.SelectingFlight -->
