<?xml version="1.0" encoding="UTF-8"?>
<!-- Generated by org.testng.reporters.JUnitReportReporter -->
<testsuite hostname="DESKTOP-G0IG718" failures="0" tests="1" name="scratch.SignupTest" time="13.701" errors="0" timestamp="2024-02-21T04:08:07 IST" skipped="0">
  <testcase classname="scratch.SignupTest" name="bookingFlightRoundTrip" time="13.701"/>
</testsuite> <!-- scratch.SignupTest -->
